0 info it worked if it ends with ok
1 verbose cli [ '/usr/local/bin/node',
1 verbose cli   '/usr/local/bin/npm',
1 verbose cli   'install',
1 verbose cli   '--save',
1 verbose cli   'navcodec' ]
2 info using npm@3.8.6
3 info using node@v6.0.0
4 silly loadCurrentTree Starting
5 silly install loadCurrentTree
6 silly install readLocalPackageData
7 silly fetchPackageMetaData navcodec
8 silly fetchNamedPackageData navcodec
9 silly mapToRegistry name navcodec
10 silly mapToRegistry using default registry
11 silly mapToRegistry registry https://registry.npmjs.org/
12 silly mapToRegistry data Result {
12 silly mapToRegistry   raw: 'navcodec',
12 silly mapToRegistry   scope: null,
12 silly mapToRegistry   name: 'navcodec',
12 silly mapToRegistry   rawSpec: '',
12 silly mapToRegistry   spec: 'latest',
12 silly mapToRegistry   type: 'tag' }
13 silly mapToRegistry uri https://registry.npmjs.org/navcodec
14 verbose request uri https://registry.npmjs.org/navcodec
15 verbose request no auth needed
16 info attempt registry request try #1 at 10:53:11 PM
17 verbose request id 3ad98a8a87092f3e
18 http request GET https://registry.npmjs.org/navcodec
19 http 200 https://registry.npmjs.org/navcodec
20 verbose headers { server: 'CouchDB/1.5.0 (Erlang OTP/R16B03)',
20 verbose headers   etag: '"T0XJ0ZLSOR8HXT2930F8Y855"',
20 verbose headers   'content-type': 'application/json',
20 verbose headers   'cache-control': 'max-age=300',
20 verbose headers   'content-length': '33010',
20 verbose headers   'accept-ranges': 'bytes',
20 verbose headers   date: 'Thu, 28 Apr 2016 02:53:11 GMT',
20 verbose headers   via: '1.1 varnish',
20 verbose headers   age: '0',
20 verbose headers   connection: 'keep-alive',
20 verbose headers   'x-served-by': 'cache-ord1734-ORD',
20 verbose headers   'x-cache': 'MISS',
20 verbose headers   'x-cache-hits': '0',
20 verbose headers   'x-timer': 'S1461811991.509696,VS0,VE167',
20 verbose headers   vary: 'Accept-Encoding' }
21 silly get cb [ 200,
21 silly get   { server: 'CouchDB/1.5.0 (Erlang OTP/R16B03)',
21 silly get     etag: '"T0XJ0ZLSOR8HXT2930F8Y855"',
21 silly get     'content-type': 'application/json',
21 silly get     'cache-control': 'max-age=300',
21 silly get     'content-length': '33010',
21 silly get     'accept-ranges': 'bytes',
21 silly get     date: 'Thu, 28 Apr 2016 02:53:11 GMT',
21 silly get     via: '1.1 varnish',
21 silly get     age: '0',
21 silly get     connection: 'keep-alive',
21 silly get     'x-served-by': 'cache-ord1734-ORD',
21 silly get     'x-cache': 'MISS',
21 silly get     'x-cache-hits': '0',
21 silly get     'x-timer': 'S1461811991.509696,VS0,VE167',
21 silly get     vary: 'Accept-Encoding' } ]
22 verbose get saving navcodec to /Users/mcotse/.npm/registry.npmjs.org/navcodec/.cache.json
23 verbose correctMkdir /Users/mcotse/.npm correctMkdir not in flight; initializing
24 silly install normalizeTree
25 silly loadCurrentTree Finishing
26 silly loadIdealTree Starting
27 silly install loadIdealTree
28 silly cloneCurrentTree Starting
29 silly install cloneCurrentTreeToIdealTree
30 silly cloneCurrentTree Finishing
31 silly loadShrinkwrap Starting
32 silly install loadShrinkwrap
33 silly loadShrinkwrap Finishing
34 silly loadAllDepsIntoIdealTree Starting
35 silly install loadAllDepsIntoIdealTree
36 silly resolveWithNewModule navcodec@0.4.2 checking installable status
37 silly cache add args [ 'navcodec', null ]
38 verbose cache add spec navcodec
39 silly cache add parsed spec Result {
39 silly cache add   raw: 'navcodec',
39 silly cache add   scope: null,
39 silly cache add   name: 'navcodec',
39 silly cache add   rawSpec: '',
39 silly cache add   spec: 'latest',
39 silly cache add   type: 'tag' }
40 silly addNamed navcodec@latest
41 verbose addNamed "latest" is being treated as a dist-tag for navcodec
42 info addNameTag [ 'navcodec', 'latest' ]
43 silly mapToRegistry name navcodec
44 silly mapToRegistry using default registry
45 silly mapToRegistry registry https://registry.npmjs.org/
46 silly mapToRegistry data Result {
46 silly mapToRegistry   raw: 'navcodec',
46 silly mapToRegistry   scope: null,
46 silly mapToRegistry   name: 'navcodec',
46 silly mapToRegistry   rawSpec: '',
46 silly mapToRegistry   spec: 'latest',
46 silly mapToRegistry   type: 'tag' }
47 silly mapToRegistry uri https://registry.npmjs.org/navcodec
48 verbose addNameTag registry:https://registry.npmjs.org/navcodec not in flight; fetching
49 verbose get https://registry.npmjs.org/navcodec not expired, no request
50 silly addNameTag next cb for navcodec with tag latest
51 silly addNamed navcodec@0.4.2
52 verbose addNamed "0.4.2" is a plain semver version for navcodec
53 silly mapToRegistry name navcodec
54 silly mapToRegistry using default registry
55 silly mapToRegistry registry https://registry.npmjs.org/
56 silly mapToRegistry data Result {
56 silly mapToRegistry   raw: 'navcodec',
56 silly mapToRegistry   scope: null,
56 silly mapToRegistry   name: 'navcodec',
56 silly mapToRegistry   rawSpec: '',
56 silly mapToRegistry   spec: 'latest',
56 silly mapToRegistry   type: 'tag' }
57 silly mapToRegistry uri https://registry.npmjs.org/navcodec
58 verbose addRemoteTarball https://registry.npmjs.org/navcodec/-/navcodec-0.4.2.tgz not in flight; adding
59 verbose addRemoteTarball [ 'https://registry.npmjs.org/navcodec/-/navcodec-0.4.2.tgz',
59 verbose addRemoteTarball   '6a93b3385171d99a616e074ca16e2f571acdb0e7' ]
60 info retry fetch attempt 1 at 10:53:11 PM
61 info attempt registry request try #1 at 10:53:11 PM
62 http fetch GET https://registry.npmjs.org/navcodec/-/navcodec-0.4.2.tgz
63 http fetch 200 https://registry.npmjs.org/navcodec/-/navcodec-0.4.2.tgz
64 silly fetchAndShaCheck shasum 6a93b3385171d99a616e074ca16e2f571acdb0e7
65 verbose addTmpTarball /var/folders/mb/14s3v4ss1gz_rdq58zmvgcr80000gn/T/npm-7255-b42f0dd9/registry.npmjs.org/navcodec/-/navcodec-0.4.2.tgz not in flight; adding
66 verbose addTmpTarball already have metadata; skipping unpack for navcodec@0.4.2
67 verbose correctMkdir /Users/mcotse/.npm correctMkdir not in flight; initializing
68 silly cache afterAdd navcodec@0.4.2
69 verbose afterAdd /Users/mcotse/.npm/navcodec/0.4.2/package/package.json not in flight; writing
70 verbose correctMkdir /Users/mcotse/.npm correctMkdir not in flight; initializing
71 verbose afterAdd /Users/mcotse/.npm/navcodec/0.4.2/package/package.json written
72 silly fetchNamedPackageData underscore
73 silly mapToRegistry name underscore
74 silly mapToRegistry using default registry
75 silly mapToRegistry registry https://registry.npmjs.org/
76 silly mapToRegistry data Result {
76 silly mapToRegistry   raw: 'underscore',
76 silly mapToRegistry   scope: null,
76 silly mapToRegistry   name: 'underscore',
76 silly mapToRegistry   rawSpec: '',
76 silly mapToRegistry   spec: 'latest',
76 silly mapToRegistry   type: 'tag' }
77 silly mapToRegistry uri https://registry.npmjs.org/underscore
78 silly fetchNamedPackageData when
79 silly mapToRegistry name when
80 silly mapToRegistry using default registry
81 silly mapToRegistry registry https://registry.npmjs.org/
82 silly mapToRegistry data Result {
82 silly mapToRegistry   raw: 'when',
82 silly mapToRegistry   scope: null,
82 silly mapToRegistry   name: 'when',
82 silly mapToRegistry   rawSpec: '',
82 silly mapToRegistry   spec: 'latest',
82 silly mapToRegistry   type: 'tag' }
83 silly mapToRegistry uri https://registry.npmjs.org/when
84 silly fetchNamedPackageData printf
85 silly mapToRegistry name printf
86 silly mapToRegistry using default registry
87 silly mapToRegistry registry https://registry.npmjs.org/
88 silly mapToRegistry data Result {
88 silly mapToRegistry   raw: 'printf',
88 silly mapToRegistry   scope: null,
88 silly mapToRegistry   name: 'printf',
88 silly mapToRegistry   rawSpec: '',
88 silly mapToRegistry   spec: 'latest',
88 silly mapToRegistry   type: 'tag' }
89 silly mapToRegistry uri https://registry.npmjs.org/printf
90 verbose request uri https://registry.npmjs.org/underscore
91 verbose request no auth needed
92 info attempt registry request try #1 at 10:53:16 PM
93 http request GET https://registry.npmjs.org/underscore
94 verbose request uri https://registry.npmjs.org/when
95 verbose request no auth needed
96 info attempt registry request try #1 at 10:53:16 PM
97 http request GET https://registry.npmjs.org/when
98 verbose request uri https://registry.npmjs.org/printf
99 verbose request no auth needed
100 info attempt registry request try #1 at 10:53:16 PM
101 http request GET https://registry.npmjs.org/printf
102 http 200 https://registry.npmjs.org/underscore
103 verbose headers { server: 'CouchDB/1.5.0 (Erlang OTP/R16B03)',
103 verbose headers   etag: '"5U2C90741S0OGYJZDF5NSSBSD"',
103 verbose headers   'content-type': 'application/json',
103 verbose headers   'content-encoding': 'gzip',
103 verbose headers   'cache-control': 'max-age=300',
103 verbose headers   'content-length': '7740',
103 verbose headers   'accept-ranges': 'bytes',
103 verbose headers   date: 'Thu, 28 Apr 2016 02:53:16 GMT',
103 verbose headers   via: '1.1 varnish',
103 verbose headers   age: '98',
103 verbose headers   connection: 'keep-alive',
103 verbose headers   'x-served-by': 'cache-ord1734-ORD',
103 verbose headers   'x-cache': 'HIT',
103 verbose headers   'x-cache-hits': '1',
103 verbose headers   'x-timer': 'S1461811996.286079,VS0,VE0',
103 verbose headers   vary: 'Accept-Encoding' }
104 silly get cb [ 200,
104 silly get   { server: 'CouchDB/1.5.0 (Erlang OTP/R16B03)',
104 silly get     etag: '"5U2C90741S0OGYJZDF5NSSBSD"',
104 silly get     'content-type': 'application/json',
104 silly get     'content-encoding': 'gzip',
104 silly get     'cache-control': 'max-age=300',
104 silly get     'content-length': '7740',
104 silly get     'accept-ranges': 'bytes',
104 silly get     date: 'Thu, 28 Apr 2016 02:53:16 GMT',
104 silly get     via: '1.1 varnish',
104 silly get     age: '98',
104 silly get     connection: 'keep-alive',
104 silly get     'x-served-by': 'cache-ord1734-ORD',
104 silly get     'x-cache': 'HIT',
104 silly get     'x-cache-hits': '1',
104 silly get     'x-timer': 'S1461811996.286079,VS0,VE0',
104 silly get     vary: 'Accept-Encoding' } ]
105 verbose get saving underscore to /Users/mcotse/.npm/registry.npmjs.org/underscore/.cache.json
106 verbose correctMkdir /Users/mcotse/.npm correctMkdir not in flight; initializing
107 silly resolveWithNewModule underscore@1.8.3 checking installable status
108 silly cache add args [ 'underscore@*', null ]
109 verbose cache add spec underscore@*
110 silly cache add parsed spec Result {
110 silly cache add   raw: 'underscore@*',
110 silly cache add   scope: null,
110 silly cache add   name: 'underscore',
110 silly cache add   rawSpec: '*',
110 silly cache add   spec: '*',
110 silly cache add   type: 'range' }
111 silly addNamed underscore@*
112 verbose addNamed "*" is a valid semver range for underscore
113 silly addNameRange { name: 'underscore', range: '*', hasData: false }
114 silly mapToRegistry name underscore
115 silly mapToRegistry using default registry
116 silly mapToRegistry registry https://registry.npmjs.org/
117 silly mapToRegistry data Result {
117 silly mapToRegistry   raw: 'underscore',
117 silly mapToRegistry   scope: null,
117 silly mapToRegistry   name: 'underscore',
117 silly mapToRegistry   rawSpec: '',
117 silly mapToRegistry   spec: 'latest',
117 silly mapToRegistry   type: 'tag' }
118 silly mapToRegistry uri https://registry.npmjs.org/underscore
119 verbose addNameRange registry:https://registry.npmjs.org/underscore not in flight; fetching
120 verbose get https://registry.npmjs.org/underscore not expired, no request
121 silly addNameRange number 2 { name: 'underscore', range: '*', hasData: true }
122 silly addNameRange versions [ 'underscore',
122 silly addNameRange   [ '1.0.3',
122 silly addNameRange     '1.0.4',
122 silly addNameRange     '1.1.0',
122 silly addNameRange     '1.1.1',
122 silly addNameRange     '1.1.2',
122 silly addNameRange     '1.1.3',
122 silly addNameRange     '1.1.4',
122 silly addNameRange     '1.1.5',
122 silly addNameRange     '1.1.6',
122 silly addNameRange     '1.1.7',
122 silly addNameRange     '1.2.0',
122 silly addNameRange     '1.2.1',
122 silly addNameRange     '1.2.2',
122 silly addNameRange     '1.2.3',
122 silly addNameRange     '1.2.4',
122 silly addNameRange     '1.3.0',
122 silly addNameRange     '1.3.1',
122 silly addNameRange     '1.3.2',
122 silly addNameRange     '1.3.3',
122 silly addNameRange     '1.4.0',
122 silly addNameRange     '1.4.1',
122 silly addNameRange     '1.4.2',
122 silly addNameRange     '1.4.3',
122 silly addNameRange     '1.4.4',
122 silly addNameRange     '1.5.0',
122 silly addNameRange     '1.5.1',
122 silly addNameRange     '1.5.2',
122 silly addNameRange     '1.6.0',
122 silly addNameRange     '1.7.0',
122 silly addNameRange     '1.8.0',
122 silly addNameRange     '1.8.1',
122 silly addNameRange     '1.8.2',
122 silly addNameRange     '1.8.3' ] ]
123 silly addNamed underscore@1.8.3
124 verbose addNamed "1.8.3" is a plain semver version for underscore
125 silly mapToRegistry name underscore
126 silly mapToRegistry using default registry
127 silly mapToRegistry registry https://registry.npmjs.org/
128 silly mapToRegistry data Result {
128 silly mapToRegistry   raw: 'underscore',
128 silly mapToRegistry   scope: null,
128 silly mapToRegistry   name: 'underscore',
128 silly mapToRegistry   rawSpec: '',
128 silly mapToRegistry   spec: 'latest',
128 silly mapToRegistry   type: 'tag' }
129 silly mapToRegistry uri https://registry.npmjs.org/underscore
130 verbose addRemoteTarball https://registry.npmjs.org/underscore/-/underscore-1.8.3.tgz not in flight; adding
131 verbose addRemoteTarball [ 'https://registry.npmjs.org/underscore/-/underscore-1.8.3.tgz',
131 verbose addRemoteTarball   '4f3fb53b106e6097fcf9cb4109f2a5e9bdfa5022' ]
132 info retry fetch attempt 1 at 10:53:16 PM
133 info attempt registry request try #1 at 10:53:16 PM
134 http fetch GET https://registry.npmjs.org/underscore/-/underscore-1.8.3.tgz
135 http fetch 200 https://registry.npmjs.org/underscore/-/underscore-1.8.3.tgz
136 silly fetchAndShaCheck shasum 4f3fb53b106e6097fcf9cb4109f2a5e9bdfa5022
137 verbose addTmpTarball /var/folders/mb/14s3v4ss1gz_rdq58zmvgcr80000gn/T/npm-7255-b42f0dd9/registry.npmjs.org/underscore/-/underscore-1.8.3.tgz not in flight; adding
138 verbose addTmpTarball already have metadata; skipping unpack for underscore@1.8.3
139 verbose correctMkdir /Users/mcotse/.npm correctMkdir not in flight; initializing
140 silly cache afterAdd underscore@1.8.3
141 verbose afterAdd /Users/mcotse/.npm/underscore/1.8.3/package/package.json not in flight; writing
142 verbose correctMkdir /Users/mcotse/.npm correctMkdir not in flight; initializing
143 verbose afterAdd /Users/mcotse/.npm/underscore/1.8.3/package/package.json written
144 http 200 https://registry.npmjs.org/printf
145 verbose headers { server: 'CouchDB/1.5.0 (Erlang OTP/R16B03)',
145 verbose headers   etag: '"C38KHE9WBFRQ6TDQV5UTTQU4Y"',
145 verbose headers   'content-type': 'application/json',
145 verbose headers   'cache-control': 'max-age=300',
145 verbose headers   'content-length': '22562',
145 verbose headers   'accept-ranges': 'bytes',
145 verbose headers   date: 'Thu, 28 Apr 2016 02:53:16 GMT',
145 verbose headers   via: '1.1 varnish',
145 verbose headers   age: '101',
145 verbose headers   connection: 'keep-alive',
145 verbose headers   'x-served-by': 'cache-ord1726-ORD',
145 verbose headers   'x-cache': 'HIT',
145 verbose headers   'x-cache-hits': '1',
145 verbose headers   'x-timer': 'S1461811996.329033,VS0,VE0',
145 verbose headers   vary: 'Accept-Encoding' }
146 silly get cb [ 200,
146 silly get   { server: 'CouchDB/1.5.0 (Erlang OTP/R16B03)',
146 silly get     etag: '"C38KHE9WBFRQ6TDQV5UTTQU4Y"',
146 silly get     'content-type': 'application/json',
146 silly get     'cache-control': 'max-age=300',
146 silly get     'content-length': '22562',
146 silly get     'accept-ranges': 'bytes',
146 silly get     date: 'Thu, 28 Apr 2016 02:53:16 GMT',
146 silly get     via: '1.1 varnish',
146 silly get     age: '101',
146 silly get     connection: 'keep-alive',
146 silly get     'x-served-by': 'cache-ord1726-ORD',
146 silly get     'x-cache': 'HIT',
146 silly get     'x-cache-hits': '1',
146 silly get     'x-timer': 'S1461811996.329033,VS0,VE0',
146 silly get     vary: 'Accept-Encoding' } ]
147 verbose get saving printf to /Users/mcotse/.npm/registry.npmjs.org/printf/.cache.json
148 verbose correctMkdir /Users/mcotse/.npm correctMkdir not in flight; initializing
149 http 200 https://registry.npmjs.org/when
150 verbose headers { server: 'CouchDB/1.5.0 (Erlang OTP/R16B03)',
150 verbose headers   etag: '"6HJPTMTHGW1Q79Y29WBYGBMV4"',
150 verbose headers   'content-type': 'application/json',
150 verbose headers   'content-encoding': 'gzip',
150 verbose headers   'cache-control': 'max-age=300',
150 verbose headers   'content-length': '12379',
150 verbose headers   'accept-ranges': 'bytes',
150 verbose headers   date: 'Thu, 28 Apr 2016 02:53:16 GMT',
150 verbose headers   via: '1.1 varnish',
150 verbose headers   age: '67',
150 verbose headers   connection: 'keep-alive',
150 verbose headers   'x-served-by': 'cache-ord1720-ORD',
150 verbose headers   'x-cache': 'HIT',
150 verbose headers   'x-cache-hits': '1',
150 verbose headers   'x-timer': 'S1461811996.330135,VS0,VE0',
150 verbose headers   vary: 'Accept-Encoding' }
151 silly get cb [ 200,
151 silly get   { server: 'CouchDB/1.5.0 (Erlang OTP/R16B03)',
151 silly get     etag: '"6HJPTMTHGW1Q79Y29WBYGBMV4"',
151 silly get     'content-type': 'application/json',
151 silly get     'content-encoding': 'gzip',
151 silly get     'cache-control': 'max-age=300',
151 silly get     'content-length': '12379',
151 silly get     'accept-ranges': 'bytes',
151 silly get     date: 'Thu, 28 Apr 2016 02:53:16 GMT',
151 silly get     via: '1.1 varnish',
151 silly get     age: '67',
151 silly get     connection: 'keep-alive',
151 silly get     'x-served-by': 'cache-ord1720-ORD',
151 silly get     'x-cache': 'HIT',
151 silly get     'x-cache-hits': '1',
151 silly get     'x-timer': 'S1461811996.330135,VS0,VE0',
151 silly get     vary: 'Accept-Encoding' } ]
152 verbose get saving when to /Users/mcotse/.npm/registry.npmjs.org/when/.cache.json
153 verbose correctMkdir /Users/mcotse/.npm correctMkdir not in flight; initializing
154 silly resolveWithNewModule printf@0.1.3 checking installable status
155 silly cache add args [ 'printf@~0.1.2', null ]
156 verbose cache add spec printf@~0.1.2
157 silly cache add parsed spec Result {
157 silly cache add   raw: 'printf@~0.1.2',
157 silly cache add   scope: null,
157 silly cache add   name: 'printf',
157 silly cache add   rawSpec: '~0.1.2',
157 silly cache add   spec: '>=0.1.2 <0.2.0',
157 silly cache add   type: 'range' }
158 silly addNamed printf@>=0.1.2 <0.2.0
159 verbose addNamed ">=0.1.2 <0.2.0" is a valid semver range for printf
160 silly addNameRange { name: 'printf', range: '>=0.1.2 <0.2.0', hasData: false }
161 silly mapToRegistry name printf
162 silly mapToRegistry using default registry
163 silly mapToRegistry registry https://registry.npmjs.org/
164 silly mapToRegistry data Result {
164 silly mapToRegistry   raw: 'printf',
164 silly mapToRegistry   scope: null,
164 silly mapToRegistry   name: 'printf',
164 silly mapToRegistry   rawSpec: '',
164 silly mapToRegistry   spec: 'latest',
164 silly mapToRegistry   type: 'tag' }
165 silly mapToRegistry uri https://registry.npmjs.org/printf
166 verbose addNameRange registry:https://registry.npmjs.org/printf not in flight; fetching
167 silly resolveWithNewModule when@2.7.1 checking installable status
168 silly cache add args [ 'when@~2.7.0', null ]
169 verbose cache add spec when@~2.7.0
170 silly cache add parsed spec Result {
170 silly cache add   raw: 'when@~2.7.0',
170 silly cache add   scope: null,
170 silly cache add   name: 'when',
170 silly cache add   rawSpec: '~2.7.0',
170 silly cache add   spec: '>=2.7.0 <2.8.0',
170 silly cache add   type: 'range' }
171 silly addNamed when@>=2.7.0 <2.8.0
172 verbose addNamed ">=2.7.0 <2.8.0" is a valid semver range for when
173 silly addNameRange { name: 'when', range: '>=2.7.0 <2.8.0', hasData: false }
174 silly mapToRegistry name when
175 silly mapToRegistry using default registry
176 silly mapToRegistry registry https://registry.npmjs.org/
177 silly mapToRegistry data Result {
177 silly mapToRegistry   raw: 'when',
177 silly mapToRegistry   scope: null,
177 silly mapToRegistry   name: 'when',
177 silly mapToRegistry   rawSpec: '',
177 silly mapToRegistry   spec: 'latest',
177 silly mapToRegistry   type: 'tag' }
178 silly mapToRegistry uri https://registry.npmjs.org/when
179 verbose addNameRange registry:https://registry.npmjs.org/when not in flight; fetching
180 verbose get https://registry.npmjs.org/printf not expired, no request
181 silly addNameRange number 2 { name: 'printf', range: '>=0.1.2 <0.2.0', hasData: true }
182 silly addNameRange versions [ 'printf',
182 silly addNameRange   [ '0.0.2',
182 silly addNameRange     '0.0.3',
182 silly addNameRange     '0.0.4',
182 silly addNameRange     '0.0.5',
182 silly addNameRange     '0.0.6',
182 silly addNameRange     '0.0.7',
182 silly addNameRange     '0.1.0',
182 silly addNameRange     '0.1.1',
182 silly addNameRange     '0.1.2',
182 silly addNameRange     '0.1.3',
182 silly addNameRange     '0.2.0',
182 silly addNameRange     '0.2.1',
182 silly addNameRange     '0.2.2',
182 silly addNameRange     '0.2.3' ] ]
183 silly addNamed printf@0.1.3
184 verbose addNamed "0.1.3" is a plain semver version for printf
185 verbose get https://registry.npmjs.org/when not expired, no request
186 silly addNameRange number 2 { name: 'when', range: '>=2.7.0 <2.8.0', hasData: true }
187 silly addNameRange versions [ 'when',
187 silly addNameRange   [ '1.2.0',
187 silly addNameRange     '1.3.0',
187 silly addNameRange     '1.4.0',
187 silly addNameRange     '1.4.1',
187 silly addNameRange     '1.4.2',
187 silly addNameRange     '1.4.3',
187 silly addNameRange     '1.4.4',
187 silly addNameRange     '1.5.0',
187 silly addNameRange     '1.5.1',
187 silly addNameRange     '1.5.2',
187 silly addNameRange     '1.6.0',
187 silly addNameRange     '1.6.1',
187 silly addNameRange     '1.7.0',
187 silly addNameRange     '1.7.1',
187 silly addNameRange     '1.8.0',
187 silly addNameRange     '1.8.1',
187 silly addNameRange     '2.0.0',
187 silly addNameRange     '2.0.1',
187 silly addNameRange     '2.1.0',
187 silly addNameRange     '2.1.1',
187 silly addNameRange     '2.2.0',
187 silly addNameRange     '2.2.1',
187 silly addNameRange     '2.3.0',
187 silly addNameRange     '2.4.0',
187 silly addNameRange     '2.5.0',
187 silly addNameRange     '2.5.1',
187 silly addNameRange     '2.6.0',
187 silly addNameRange     '2.7.0',
187 silly addNameRange     '2.7.1',
187 silly addNameRange     '2.8.0',
187 silly addNameRange     '3.0.0',
187 silly addNameRange     '3.0.1',
187 silly addNameRange     '3.1.0',
187 silly addNameRange     '3.2.0',
187 silly addNameRange     '3.2.1',
187 silly addNameRange     '3.2.2',
187 silly addNameRange     '3.2.3',
187 silly addNameRange     '3.3.0',
187 silly addNameRange     '3.3.1',
187 silly addNameRange     '3.4.0',
187 silly addNameRange     '3.4.1',
187 silly addNameRange     '3.4.2',
187 silly addNameRange     '3.4.3',
187 silly addNameRange     '3.4.4',
187 silly addNameRange     '3.4.5',
187 silly addNameRange     '3.4.6',
187 silly addNameRange     '3.5.0',
187 silly addNameRange     '3.5.1',
187 silly addNameRange     '3.5.2',
187 silly addNameRange     '3.6.0',
187 silly addNameRange     '3.6.1',
187 silly addNameRange     '3.6.2',
187 silly addNameRange     '3.6.3',
187 silly addNameRange     '3.6.4',
187 silly addNameRange     '3.7.0',
187 silly addNameRange     '3.7.1',
187 silly addNameRange     '3.7.2',
187 silly addNameRange     '3.7.3',
187 silly addNameRange     '3.7.4',
187 silly addNameRange     '3.7.5',
187 silly addNameRange     '3.7.6',
187 silly addNameRange     '3.7.7' ] ]
188 silly addNamed when@2.7.1
189 verbose addNamed "2.7.1" is a plain semver version for when
190 silly mapToRegistry name printf
191 silly mapToRegistry using default registry
192 silly mapToRegistry registry https://registry.npmjs.org/
193 silly mapToRegistry data Result {
193 silly mapToRegistry   raw: 'printf',
193 silly mapToRegistry   scope: null,
193 silly mapToRegistry   name: 'printf',
193 silly mapToRegistry   rawSpec: '',
193 silly mapToRegistry   spec: 'latest',
193 silly mapToRegistry   type: 'tag' }
194 silly mapToRegistry uri https://registry.npmjs.org/printf
195 verbose addRemoteTarball https://registry.npmjs.org/printf/-/printf-0.1.3.tgz not in flight; adding
196 verbose addRemoteTarball [ 'https://registry.npmjs.org/printf/-/printf-0.1.3.tgz',
196 verbose addRemoteTarball   '27e935bae4f55db1fdc18368689e9561ce551226' ]
197 silly mapToRegistry name when
198 silly mapToRegistry using default registry
199 silly mapToRegistry registry https://registry.npmjs.org/
200 silly mapToRegistry data Result {
200 silly mapToRegistry   raw: 'when',
200 silly mapToRegistry   scope: null,
200 silly mapToRegistry   name: 'when',
200 silly mapToRegistry   rawSpec: '',
200 silly mapToRegistry   spec: 'latest',
200 silly mapToRegistry   type: 'tag' }
201 silly mapToRegistry uri https://registry.npmjs.org/when
202 verbose addRemoteTarball https://registry.npmjs.org/when/-/when-2.7.1.tgz not in flight; adding
203 verbose addRemoteTarball [ 'https://registry.npmjs.org/when/-/when-2.7.1.tgz',
203 verbose addRemoteTarball   '445b834ae6059c0d4772f55b079f994ddd6f5b2a' ]
204 info retry fetch attempt 1 at 10:53:16 PM
205 info attempt registry request try #1 at 10:53:16 PM
206 http fetch GET https://registry.npmjs.org/printf/-/printf-0.1.3.tgz
207 info retry fetch attempt 1 at 10:53:16 PM
208 info attempt registry request try #1 at 10:53:16 PM
209 http fetch GET https://registry.npmjs.org/when/-/when-2.7.1.tgz
210 http fetch 200 https://registry.npmjs.org/when/-/when-2.7.1.tgz
211 http fetch 200 https://registry.npmjs.org/printf/-/printf-0.1.3.tgz
212 silly fetchAndShaCheck shasum 27e935bae4f55db1fdc18368689e9561ce551226
213 verbose addTmpTarball /var/folders/mb/14s3v4ss1gz_rdq58zmvgcr80000gn/T/npm-7255-b42f0dd9/registry.npmjs.org/printf/-/printf-0.1.3.tgz not in flight; adding
214 verbose addTmpTarball already have metadata; skipping unpack for printf@0.1.3
215 verbose correctMkdir /Users/mcotse/.npm correctMkdir not in flight; initializing
216 silly fetchAndShaCheck shasum 445b834ae6059c0d4772f55b079f994ddd6f5b2a
217 verbose addTmpTarball /var/folders/mb/14s3v4ss1gz_rdq58zmvgcr80000gn/T/npm-7255-b42f0dd9/registry.npmjs.org/when/-/when-2.7.1.tgz not in flight; adding
218 verbose addTmpTarball already have metadata; skipping unpack for when@2.7.1
219 verbose correctMkdir /Users/mcotse/.npm correctMkdir not in flight; initializing
220 silly cache afterAdd printf@0.1.3
221 verbose afterAdd /Users/mcotse/.npm/printf/0.1.3/package/package.json not in flight; writing
222 verbose correctMkdir /Users/mcotse/.npm correctMkdir not in flight; initializing
223 verbose afterAdd /Users/mcotse/.npm/printf/0.1.3/package/package.json written
224 silly cache afterAdd when@2.7.1
225 verbose afterAdd /Users/mcotse/.npm/when/2.7.1/package/package.json not in flight; writing
226 verbose correctMkdir /Users/mcotse/.npm correctMkdir not in flight; initializing
227 verbose afterAdd /Users/mcotse/.npm/when/2.7.1/package/package.json written
228 silly loadAllDepsIntoIdealTree Finishing
229 silly idealTree:prePrune recognize-music@1.0.0
229 silly idealTree:prePrune ├── ansi-regex@2.0.0
229 silly idealTree:prePrune ├── ansi-styles@2.2.1
229 silly idealTree:prePrune ├── asn1@0.2.3
229 silly idealTree:prePrune ├── assert-plus@0.2.0
229 silly idealTree:prePrune ├── async@1.5.2
229 silly idealTree:prePrune ├── aws-sign2@0.6.0
229 silly idealTree:prePrune ├── aws4@1.3.2
229 silly idealTree:prePrune ├── bignumber.js@1.1.1
229 silly idealTree:prePrune ├── bl@1.1.2
229 silly idealTree:prePrune ├── bluebird@2.10.2
229 silly idealTree:prePrune ├── boom@2.10.1
229 silly idealTree:prePrune ├── caseless@0.11.0
229 silly idealTree:prePrune ├── chalk@1.1.3
229 silly idealTree:prePrune ├── combined-stream@1.0.5
229 silly idealTree:prePrune ├── commander@2.9.0
229 silly idealTree:prePrune ├── cookie@0.2.3
229 silly idealTree:prePrune ├── core-util-is@1.0.2
229 silly idealTree:prePrune ├── cryptiles@2.0.5
229 silly idealTree:prePrune ├── crypto@0.0.3
229 silly idealTree:prePrune ├── csv-stringify@1.0.2
229 silly idealTree:prePrune ├── ctype@0.5.3
229 silly idealTree:prePrune ├─┬ dashdash@1.13.1
229 silly idealTree:prePrune │ └── assert-plus@1.0.0
229 silly idealTree:prePrune ├── debug@2.2.0
229 silly idealTree:prePrune ├── delayed-stream@1.0.0
229 silly idealTree:prePrune ├── duplexer@0.1.1
229 silly idealTree:prePrune ├─┬ ecc-jsbn@0.0.1
229 silly idealTree:prePrune │ └── jsbn@0.0.0
229 silly idealTree:prePrune ├── escape-string-regexp@1.0.5
229 silly idealTree:prePrune ├── extend@3.0.0
229 silly idealTree:prePrune ├── extsprintf@1.0.2
229 silly idealTree:prePrune ├── for-in@0.1.5
229 silly idealTree:prePrune ├── for-own@0.1.4
229 silly idealTree:prePrune ├── forever-agent@0.6.1
229 silly idealTree:prePrune ├── form-data@1.0.0-rc4
229 silly idealTree:prePrune ├── generate-function@2.0.0
229 silly idealTree:prePrune ├── generate-object-property@1.2.0
229 silly idealTree:prePrune ├─┬ getpass@0.1.5
229 silly idealTree:prePrune │ └── assert-plus@1.0.0
229 silly idealTree:prePrune ├── graceful-readlink@1.0.1
229 silly idealTree:prePrune ├── har-validator@2.0.6
229 silly idealTree:prePrune ├── has-ansi@2.0.0
229 silly idealTree:prePrune ├── hawk@3.1.3
229 silly idealTree:prePrune ├── hnp@0.0.1
229 silly idealTree:prePrune ├── hoek@2.16.3
229 silly idealTree:prePrune ├── http-signature@1.1.1
229 silly idealTree:prePrune ├── httperror@0.2.3
229 silly idealTree:prePrune ├── inherits@2.0.1
229 silly idealTree:prePrune ├── is-extendable@0.1.1
229 silly idealTree:prePrune ├── is-my-json-valid@2.13.1
229 silly idealTree:prePrune ├── is-property@1.0.2
229 silly idealTree:prePrune ├── is-typedarray@1.0.0
229 silly idealTree:prePrune ├── isarray@1.0.0
229 silly idealTree:prePrune ├── isobject@2.1.0
229 silly idealTree:prePrune ├── isstream@0.1.2
229 silly idealTree:prePrune ├── jodid25519@1.0.2
229 silly idealTree:prePrune ├── jsbn@0.1.0
229 silly idealTree:prePrune ├── json-bigint@0.1.4
229 silly idealTree:prePrune ├── json-schema@0.2.2
229 silly idealTree:prePrune ├── json-stringify-safe@5.0.1
229 silly idealTree:prePrune ├── jsonparse@1.2.0
229 silly idealTree:prePrune ├── jsonpointer@2.0.0
229 silly idealTree:prePrune ├── JSONStream@1.0.7
229 silly idealTree:prePrune ├── jsprim@1.2.2
229 silly idealTree:prePrune ├── lodash._stringtopath@4.7.1
229 silly idealTree:prePrune ├── lodash.get@4.2.1
229 silly idealTree:prePrune ├── lru-cache@4.0.1
229 silly idealTree:prePrune ├── messenger-bot@2.1.0
229 silly idealTree:prePrune ├── mime-db@1.22.0
229 silly idealTree:prePrune ├── mime-types@2.1.10
229 silly idealTree:prePrune ├── ms@0.7.1
229 silly idealTree:prePrune ├── nan@2.0.9
229 silly idealTree:prePrune ├── navcodec@0.4.2
229 silly idealTree:prePrune ├── node-uuid@1.4.7
229 silly idealTree:prePrune ├── oauth-sign@0.8.1
229 silly idealTree:prePrune ├── object.omit@2.0.0
229 silly idealTree:prePrune ├── object.pick@1.1.2
229 silly idealTree:prePrune ├── pinkie-promise@2.0.1
229 silly idealTree:prePrune ├── pinkie@2.0.4
229 silly idealTree:prePrune ├── printf@0.1.3
229 silly idealTree:prePrune ├── process-nextick-args@1.0.6
229 silly idealTree:prePrune ├── pseudomap@1.0.2
229 silly idealTree:prePrune ├── qs@6.1.0
229 silly idealTree:prePrune ├── readable-stream@2.0.6
229 silly idealTree:prePrune ├── request@2.72.0
229 silly idealTree:prePrune ├── sntp@1.0.9
229 silly idealTree:prePrune ├─┬ solr-client@0.6.0
229 silly idealTree:prePrune │ ├── asn1@0.1.11
229 silly idealTree:prePrune │ ├── assert-plus@0.1.5
229 silly idealTree:prePrune │ ├── aws-sign2@0.5.0
229 silly idealTree:prePrune │ ├── bl@1.0.3
229 silly idealTree:prePrune │ ├── har-validator@1.8.0
229 silly idealTree:prePrune │ ├── http-signature@0.11.0
229 silly idealTree:prePrune │ ├── qs@5.1.0
229 silly idealTree:prePrune │ └── request@2.63.0
229 silly idealTree:prePrune ├─┬ sshpk@1.8.1
229 silly idealTree:prePrune │ └── assert-plus@1.0.0
229 silly idealTree:prePrune ├── string_decoder@0.10.31
229 silly idealTree:prePrune ├── string@3.3.1
229 silly idealTree:prePrune ├── stringstream@0.0.5
229 silly idealTree:prePrune ├── strip-ansi@3.0.1
229 silly idealTree:prePrune ├── supports-color@2.0.0
229 silly idealTree:prePrune ├── through@2.3.8
229 silly idealTree:prePrune ├── tough-cookie@2.2.2
229 silly idealTree:prePrune ├── tunnel-agent@0.4.2
229 silly idealTree:prePrune ├── tweetnacl@0.13.3
229 silly idealTree:prePrune ├── typedarray-to-buffer@3.0.5
229 silly idealTree:prePrune ├── underscore@1.8.3
229 silly idealTree:prePrune ├── util-deprecate@1.0.2
229 silly idealTree:prePrune ├── vcap_services@0.1.7
229 silly idealTree:prePrune ├── verror@1.3.6
229 silly idealTree:prePrune ├─┬ watson-developer-cloud@1.4.1
229 silly idealTree:prePrune │ ├── bl@1.0.3
229 silly idealTree:prePrune │ ├── qs@6.0.2
229 silly idealTree:prePrune │ └── request@2.69.0
229 silly idealTree:prePrune ├── websocket@1.0.22
229 silly idealTree:prePrune ├── when@2.7.1
229 silly idealTree:prePrune ├── xtend@4.0.1
229 silly idealTree:prePrune ├── yaeti@0.0.6
229 silly idealTree:prePrune └── yallist@2.0.0
230 silly loadIdealTree Finishing
231 silly currentTree recognize-music@1.0.0
231 silly currentTree ├── ansi-regex@2.0.0
231 silly currentTree ├── ansi-styles@2.2.1
231 silly currentTree ├── asn1@0.2.3
231 silly currentTree ├── assert-plus@0.2.0
231 silly currentTree ├── async@1.5.2
231 silly currentTree ├── aws-sign2@0.6.0
231 silly currentTree ├── aws4@1.3.2
231 silly currentTree ├── bignumber.js@1.1.1
231 silly currentTree ├── bl@1.1.2
231 silly currentTree ├── bluebird@2.10.2
231 silly currentTree ├── boom@2.10.1
231 silly currentTree ├── caseless@0.11.0
231 silly currentTree ├── chalk@1.1.3
231 silly currentTree ├── combined-stream@1.0.5
231 silly currentTree ├── commander@2.9.0
231 silly currentTree ├── cookie@0.2.3
231 silly currentTree ├── core-util-is@1.0.2
231 silly currentTree ├── cryptiles@2.0.5
231 silly currentTree ├── crypto@0.0.3
231 silly currentTree ├── csv-stringify@1.0.2
231 silly currentTree ├── ctype@0.5.3
231 silly currentTree ├─┬ dashdash@1.13.1
231 silly currentTree │ └── assert-plus@1.0.0
231 silly currentTree ├── debug@2.2.0
231 silly currentTree ├── delayed-stream@1.0.0
231 silly currentTree ├── duplexer@0.1.1
231 silly currentTree ├─┬ ecc-jsbn@0.0.1
231 silly currentTree │ └── jsbn@0.0.0
231 silly currentTree ├── escape-string-regexp@1.0.5
231 silly currentTree ├── extend@3.0.0
231 silly currentTree ├── extsprintf@1.0.2
231 silly currentTree ├── for-in@0.1.5
231 silly currentTree ├── for-own@0.1.4
231 silly currentTree ├── forever-agent@0.6.1
231 silly currentTree ├── form-data@1.0.0-rc4
231 silly currentTree ├── generate-function@2.0.0
231 silly currentTree ├── generate-object-property@1.2.0
231 silly currentTree ├─┬ getpass@0.1.5
231 silly currentTree │ └── assert-plus@1.0.0
231 silly currentTree ├── graceful-readlink@1.0.1
231 silly currentTree ├── har-validator@2.0.6
231 silly currentTree ├── has-ansi@2.0.0
231 silly currentTree ├── hawk@3.1.3
231 silly currentTree ├── hnp@0.0.1
231 silly currentTree ├── hoek@2.16.3
231 silly currentTree ├── http-signature@1.1.1
231 silly currentTree ├── httperror@0.2.3
231 silly currentTree ├── inherits@2.0.1
231 silly currentTree ├── is-extendable@0.1.1
231 silly currentTree ├── is-my-json-valid@2.13.1
231 silly currentTree ├── is-property@1.0.2
231 silly currentTree ├── is-typedarray@1.0.0
231 silly currentTree ├── isarray@1.0.0
231 silly currentTree ├── isobject@2.1.0
231 silly currentTree ├── isstream@0.1.2
231 silly currentTree ├── jodid25519@1.0.2
231 silly currentTree ├── jsbn@0.1.0
231 silly currentTree ├── json-bigint@0.1.4
231 silly currentTree ├── json-schema@0.2.2
231 silly currentTree ├── json-stringify-safe@5.0.1
231 silly currentTree ├── jsonparse@1.2.0
231 silly currentTree ├── jsonpointer@2.0.0
231 silly currentTree ├── JSONStream@1.0.7
231 silly currentTree ├── jsprim@1.2.2
231 silly currentTree ├── lodash._stringtopath@4.7.1
231 silly currentTree ├── lodash.get@4.2.1
231 silly currentTree ├── lru-cache@4.0.1
231 silly currentTree ├── messenger-bot@2.1.0
231 silly currentTree ├── mime-db@1.22.0
231 silly currentTree ├── mime-types@2.1.10
231 silly currentTree ├── ms@0.7.1
231 silly currentTree ├── nan@2.0.9
231 silly currentTree ├── node-uuid@1.4.7
231 silly currentTree ├── oauth-sign@0.8.1
231 silly currentTree ├── object.omit@2.0.0
231 silly currentTree ├── object.pick@1.1.2
231 silly currentTree ├── pinkie-promise@2.0.1
231 silly currentTree ├── pinkie@2.0.4
231 silly currentTree ├── process-nextick-args@1.0.6
231 silly currentTree ├── pseudomap@1.0.2
231 silly currentTree ├── qs@6.1.0
231 silly currentTree ├── readable-stream@2.0.6
231 silly currentTree ├── request@2.72.0
231 silly currentTree ├── sntp@1.0.9
231 silly currentTree ├─┬ solr-client@0.6.0
231 silly currentTree │ ├── asn1@0.1.11
231 silly currentTree │ ├── assert-plus@0.1.5
231 silly currentTree │ ├── aws-sign2@0.5.0
231 silly currentTree │ ├── bl@1.0.3
231 silly currentTree │ ├── har-validator@1.8.0
231 silly currentTree │ ├── http-signature@0.11.0
231 silly currentTree │ ├── qs@5.1.0
231 silly currentTree │ └── request@2.63.0
231 silly currentTree ├─┬ sshpk@1.8.1
231 silly currentTree │ └── assert-plus@1.0.0
231 silly currentTree ├── string_decoder@0.10.31
231 silly currentTree ├── string@3.3.1
231 silly currentTree ├── stringstream@0.0.5
231 silly currentTree ├── strip-ansi@3.0.1
231 silly currentTree ├── supports-color@2.0.0
231 silly currentTree ├── through@2.3.8
231 silly currentTree ├── tough-cookie@2.2.2
231 silly currentTree ├── tunnel-agent@0.4.2
231 silly currentTree ├── tweetnacl@0.13.3
231 silly currentTree ├── typedarray-to-buffer@3.0.5
231 silly currentTree ├── util-deprecate@1.0.2
231 silly currentTree ├── vcap_services@0.1.7
231 silly currentTree ├── verror@1.3.6
231 silly currentTree ├─┬ watson-developer-cloud@1.4.1
231 silly currentTree │ ├── bl@1.0.3
231 silly currentTree │ ├── qs@6.0.2
231 silly currentTree │ └── request@2.69.0
231 silly currentTree ├── websocket@1.0.22
231 silly currentTree ├── xtend@4.0.1
231 silly currentTree ├── yaeti@0.0.6
231 silly currentTree └── yallist@2.0.0
232 silly idealTree recognize-music@1.0.0
232 silly idealTree ├── ansi-regex@2.0.0
232 silly idealTree ├── ansi-styles@2.2.1
232 silly idealTree ├── asn1@0.2.3
232 silly idealTree ├── assert-plus@0.2.0
232 silly idealTree ├── async@1.5.2
232 silly idealTree ├── aws-sign2@0.6.0
232 silly idealTree ├── aws4@1.3.2
232 silly idealTree ├── bignumber.js@1.1.1
232 silly idealTree ├── bl@1.1.2
232 silly idealTree ├── bluebird@2.10.2
232 silly idealTree ├── boom@2.10.1
232 silly idealTree ├── caseless@0.11.0
232 silly idealTree ├── chalk@1.1.3
232 silly idealTree ├── combined-stream@1.0.5
232 silly idealTree ├── commander@2.9.0
232 silly idealTree ├── cookie@0.2.3
232 silly idealTree ├── core-util-is@1.0.2
232 silly idealTree ├── cryptiles@2.0.5
232 silly idealTree ├── crypto@0.0.3
232 silly idealTree ├── csv-stringify@1.0.2
232 silly idealTree ├── ctype@0.5.3
232 silly idealTree ├─┬ dashdash@1.13.1
232 silly idealTree │ └── assert-plus@1.0.0
232 silly idealTree ├── debug@2.2.0
232 silly idealTree ├── delayed-stream@1.0.0
232 silly idealTree ├── duplexer@0.1.1
232 silly idealTree ├─┬ ecc-jsbn@0.0.1
232 silly idealTree │ └── jsbn@0.0.0
232 silly idealTree ├── escape-string-regexp@1.0.5
232 silly idealTree ├── extend@3.0.0
232 silly idealTree ├── extsprintf@1.0.2
232 silly idealTree ├── for-in@0.1.5
232 silly idealTree ├── for-own@0.1.4
232 silly idealTree ├── forever-agent@0.6.1
232 silly idealTree ├── form-data@1.0.0-rc4
232 silly idealTree ├── generate-function@2.0.0
232 silly idealTree ├── generate-object-property@1.2.0
232 silly idealTree ├─┬ getpass@0.1.5
232 silly idealTree │ └── assert-plus@1.0.0
232 silly idealTree ├── graceful-readlink@1.0.1
232 silly idealTree ├── har-validator@2.0.6
232 silly idealTree ├── has-ansi@2.0.0
232 silly idealTree ├── hawk@3.1.3
232 silly idealTree ├── hnp@0.0.1
232 silly idealTree ├── hoek@2.16.3
232 silly idealTree ├── http-signature@1.1.1
232 silly idealTree ├── httperror@0.2.3
232 silly idealTree ├── inherits@2.0.1
232 silly idealTree ├── is-extendable@0.1.1
232 silly idealTree ├── is-my-json-valid@2.13.1
232 silly idealTree ├── is-property@1.0.2
232 silly idealTree ├── is-typedarray@1.0.0
232 silly idealTree ├── isarray@1.0.0
232 silly idealTree ├── isobject@2.1.0
232 silly idealTree ├── isstream@0.1.2
232 silly idealTree ├── jodid25519@1.0.2
232 silly idealTree ├── jsbn@0.1.0
232 silly idealTree ├── json-bigint@0.1.4
232 silly idealTree ├── json-schema@0.2.2
232 silly idealTree ├── json-stringify-safe@5.0.1
232 silly idealTree ├── jsonparse@1.2.0
232 silly idealTree ├── jsonpointer@2.0.0
232 silly idealTree ├── JSONStream@1.0.7
232 silly idealTree ├── jsprim@1.2.2
232 silly idealTree ├── lodash._stringtopath@4.7.1
232 silly idealTree ├── lodash.get@4.2.1
232 silly idealTree ├── lru-cache@4.0.1
232 silly idealTree ├── messenger-bot@2.1.0
232 silly idealTree ├── mime-db@1.22.0
232 silly idealTree ├── mime-types@2.1.10
232 silly idealTree ├── ms@0.7.1
232 silly idealTree ├── nan@2.0.9
232 silly idealTree ├── navcodec@0.4.2
232 silly idealTree ├── node-uuid@1.4.7
232 silly idealTree ├── oauth-sign@0.8.1
232 silly idealTree ├── object.omit@2.0.0
232 silly idealTree ├── object.pick@1.1.2
232 silly idealTree ├── pinkie-promise@2.0.1
232 silly idealTree ├── pinkie@2.0.4
232 silly idealTree ├── printf@0.1.3
232 silly idealTree ├── process-nextick-args@1.0.6
232 silly idealTree ├── pseudomap@1.0.2
232 silly idealTree ├── qs@6.1.0
232 silly idealTree ├── readable-stream@2.0.6
232 silly idealTree ├── request@2.72.0
232 silly idealTree ├── sntp@1.0.9
232 silly idealTree ├─┬ solr-client@0.6.0
232 silly idealTree │ ├── asn1@0.1.11
232 silly idealTree │ ├── assert-plus@0.1.5
232 silly idealTree │ ├── aws-sign2@0.5.0
232 silly idealTree │ ├── bl@1.0.3
232 silly idealTree │ ├── har-validator@1.8.0
232 silly idealTree │ ├── http-signature@0.11.0
232 silly idealTree │ ├── qs@5.1.0
232 silly idealTree │ └── request@2.63.0
232 silly idealTree ├─┬ sshpk@1.8.1
232 silly idealTree │ └── assert-plus@1.0.0
232 silly idealTree ├── string_decoder@0.10.31
232 silly idealTree ├── string@3.3.1
232 silly idealTree ├── stringstream@0.0.5
232 silly idealTree ├── strip-ansi@3.0.1
232 silly idealTree ├── supports-color@2.0.0
232 silly idealTree ├── through@2.3.8
232 silly idealTree ├── tough-cookie@2.2.2
232 silly idealTree ├── tunnel-agent@0.4.2
232 silly idealTree ├── tweetnacl@0.13.3
232 silly idealTree ├── typedarray-to-buffer@3.0.5
232 silly idealTree ├── underscore@1.8.3
232 silly idealTree ├── util-deprecate@1.0.2
232 silly idealTree ├── vcap_services@0.1.7
232 silly idealTree ├── verror@1.3.6
232 silly idealTree ├─┬ watson-developer-cloud@1.4.1
232 silly idealTree │ ├── bl@1.0.3
232 silly idealTree │ ├── qs@6.0.2
232 silly idealTree │ └── request@2.69.0
232 silly idealTree ├── websocket@1.0.22
232 silly idealTree ├── when@2.7.1
232 silly idealTree ├── xtend@4.0.1
232 silly idealTree ├── yaeti@0.0.6
232 silly idealTree └── yallist@2.0.0
233 silly generateActionsToTake Starting
234 silly install generateActionsToTake
235 silly generateActionsToTake Finishing
236 silly diffTrees action count 4
237 silly diffTrees add printf@0.1.3
238 silly diffTrees add underscore@1.8.3
239 silly diffTrees add when@2.7.1
240 silly diffTrees add navcodec@0.4.2
241 silly decomposeActions action count 32
242 silly decomposeActions fetch printf@0.1.3
243 silly decomposeActions extract printf@0.1.3
244 silly decomposeActions test printf@0.1.3
245 silly decomposeActions preinstall printf@0.1.3
246 silly decomposeActions build printf@0.1.3
247 silly decomposeActions install printf@0.1.3
248 silly decomposeActions postinstall printf@0.1.3
249 silly decomposeActions finalize printf@0.1.3
250 silly decomposeActions fetch underscore@1.8.3
251 silly decomposeActions extract underscore@1.8.3
252 silly decomposeActions test underscore@1.8.3
253 silly decomposeActions preinstall underscore@1.8.3
254 silly decomposeActions build underscore@1.8.3
255 silly decomposeActions install underscore@1.8.3
256 silly decomposeActions postinstall underscore@1.8.3
257 silly decomposeActions finalize underscore@1.8.3
258 silly decomposeActions fetch when@2.7.1
259 silly decomposeActions extract when@2.7.1
260 silly decomposeActions test when@2.7.1
261 silly decomposeActions preinstall when@2.7.1
262 silly decomposeActions build when@2.7.1
263 silly decomposeActions install when@2.7.1
264 silly decomposeActions postinstall when@2.7.1
265 silly decomposeActions finalize when@2.7.1
266 silly decomposeActions fetch navcodec@0.4.2
267 silly decomposeActions extract navcodec@0.4.2
268 silly decomposeActions test navcodec@0.4.2
269 silly decomposeActions preinstall navcodec@0.4.2
270 silly decomposeActions build navcodec@0.4.2
271 silly decomposeActions install navcodec@0.4.2
272 silly decomposeActions postinstall navcodec@0.4.2
273 silly decomposeActions finalize navcodec@0.4.2
274 silly executeActions Starting
275 silly install executeActions
276 silly doSerial global-install 0
277 silly doParallel fetch 4
278 verbose correctMkdir /Users/mcotse/.npm/_locks correctMkdir not in flight; initializing
279 verbose lock using /Users/mcotse/.npm/_locks/staging-17ad4048fe0fa3dc.lock for /Users/mcotse/Documents/Dev/Web/recognize-music/node_modules/.staging
280 silly doParallel extract 4
281 silly extract printf@0.1.3
282 silly extract underscore@1.8.3
283 silly extract when@2.7.1
284 silly extract navcodec@0.4.2
285 verbose unbuild node_modules/.staging/printf-35f2e04e
286 verbose unbuild node_modules/.staging/underscore-22b27e82
287 verbose unbuild node_modules/.staging/when-62626229
288 verbose unbuild node_modules/.staging/navcodec-e4657bb9
289 silly gentlyRm /Users/mcotse/Documents/Dev/Web/recognize-music/node_modules/.staging/printf-35f2e04e is being purged from base /Users/mcotse/Documents/Dev/Web/recognize-music
290 verbose gentlyRm don't care about contents; nuking /Users/mcotse/Documents/Dev/Web/recognize-music/node_modules/.staging/printf-35f2e04e
291 silly gentlyRm /Users/mcotse/Documents/Dev/Web/recognize-music/node_modules/.staging/underscore-22b27e82 is being purged from base /Users/mcotse/Documents/Dev/Web/recognize-music
292 verbose gentlyRm don't care about contents; nuking /Users/mcotse/Documents/Dev/Web/recognize-music/node_modules/.staging/underscore-22b27e82
293 silly gentlyRm /Users/mcotse/Documents/Dev/Web/recognize-music/node_modules/.staging/when-62626229 is being purged from base /Users/mcotse/Documents/Dev/Web/recognize-music
294 verbose gentlyRm don't care about contents; nuking /Users/mcotse/Documents/Dev/Web/recognize-music/node_modules/.staging/when-62626229
295 silly gentlyRm /Users/mcotse/Documents/Dev/Web/recognize-music/node_modules/.staging/navcodec-e4657bb9 is being purged from base /Users/mcotse/Documents/Dev/Web/recognize-music
296 verbose gentlyRm don't care about contents; nuking /Users/mcotse/Documents/Dev/Web/recognize-music/node_modules/.staging/navcodec-e4657bb9
297 verbose tar unpack /Users/mcotse/.npm/printf/0.1.3/package.tgz
298 verbose tar unpacking to /Users/mcotse/Documents/Dev/Web/recognize-music/node_modules/.staging/printf-35f2e04e
299 silly gentlyRm /Users/mcotse/Documents/Dev/Web/recognize-music/node_modules/.staging/printf-35f2e04e is being purged
300 verbose gentlyRm don't care about contents; nuking /Users/mcotse/Documents/Dev/Web/recognize-music/node_modules/.staging/printf-35f2e04e
301 verbose tar unpack /Users/mcotse/.npm/underscore/1.8.3/package.tgz
302 verbose tar unpacking to /Users/mcotse/Documents/Dev/Web/recognize-music/node_modules/.staging/underscore-22b27e82
303 silly gentlyRm /Users/mcotse/Documents/Dev/Web/recognize-music/node_modules/.staging/underscore-22b27e82 is being purged
304 verbose gentlyRm don't care about contents; nuking /Users/mcotse/Documents/Dev/Web/recognize-music/node_modules/.staging/underscore-22b27e82
305 verbose tar unpack /Users/mcotse/.npm/when/2.7.1/package.tgz
306 verbose tar unpacking to /Users/mcotse/Documents/Dev/Web/recognize-music/node_modules/.staging/when-62626229
307 silly gentlyRm /Users/mcotse/Documents/Dev/Web/recognize-music/node_modules/.staging/when-62626229 is being purged
308 verbose gentlyRm don't care about contents; nuking /Users/mcotse/Documents/Dev/Web/recognize-music/node_modules/.staging/when-62626229
309 verbose tar unpack /Users/mcotse/.npm/navcodec/0.4.2/package.tgz
310 verbose tar unpacking to /Users/mcotse/Documents/Dev/Web/recognize-music/node_modules/.staging/navcodec-e4657bb9
311 silly gentlyRm /Users/mcotse/Documents/Dev/Web/recognize-music/node_modules/.staging/navcodec-e4657bb9 is being purged
312 verbose gentlyRm don't care about contents; nuking /Users/mcotse/Documents/Dev/Web/recognize-music/node_modules/.staging/navcodec-e4657bb9
313 silly gunzTarPerm modes [ '755', '644' ]
314 silly gunzTarPerm modes [ '755', '644' ]
315 silly gunzTarPerm modes [ '755', '644' ]
316 silly gunzTarPerm modes [ '755', '644' ]
317 silly gunzTarPerm extractEntry package.json
318 silly gunzTarPerm extractEntry package.json
319 silly gunzTarPerm extractEntry package.json
320 silly gunzTarPerm extractEntry package.json
321 silly gunzTarPerm extractEntry .npmignore
322 silly gunzTarPerm extractEntry README.md
323 silly gunzTarPerm extractEntry README.md
324 silly gunzTarPerm extractEntry LICENSE
325 silly gunzTarPerm extractEntry README.md
326 silly gunzTarPerm extractEntry timeout.js
327 silly gunzTarPerm extractEntry .npmignore
328 silly gunzTarPerm extractEntry index.js
329 silly gunzTarPerm extractEntry cancelable.js
330 silly gunzTarPerm extractEntry debug.js
331 silly gunzTarPerm extractEntry LICENSE
332 silly gunzTarPerm extractEntry .travis.yml
333 silly gunzTarPerm extractEntry underscore.js
334 silly gunzTarPerm extractEntry underscore-min.js
335 silly gunzTarPerm extractEntry underscore-min.map
336 silly gunzTarPerm extractEntry Makefile
337 silly gunzTarPerm extractEntry Readme.md
338 silly gunzTarPerm extractEntry apply.js
339 silly gunzTarPerm extractEntry binding.gyp
340 silly gunzTarPerm extractEntry Makefile
341 silly gunzTarPerm extractEntry doc/coverage.html
342 silly gunzTarPerm extractEntry .travis.yml
343 silly gunzTarPerm extractEntry lib/avconv.js
344 silly gunzTarPerm extractEntry lib/navcodec.js
345 silly gunzTarPerm extractEntry callbacks.js
346 silly gunzTarPerm extractEntry guard.js
347 silly gunzTarPerm extractEntry lib/printf.js
348 silly gunzTarPerm extractEntry lib/transcode.js
349 silly gunzTarPerm extractEntry History.md
350 silly gunzTarPerm extractEntry timed.js
351 silly gunzTarPerm extractEntry sequence.js
352 silly gunzTarPerm extractEntry test/printf.coffee
353 silly gunzTarPerm extractEntry src/navoutformat.cpp
354 silly gunzTarPerm extractEntry src/navaudiofifo.cpp
355 silly gunzTarPerm extractEntry poll.js
356 silly gunzTarPerm extractEntry when.js
357 silly gunzTarPerm extractEntry src/navcodec.cpp
358 silly gunzTarPerm extractEntry src/navcodec.h
359 silly gunzTarPerm extractEntry function.js
360 silly gunzTarPerm extractEntry parallel.js
361 silly gunzTarPerm extractEntry src/navcodeccontext.cpp
362 silly gunzTarPerm extractEntry src/navcodeccontext.h
363 silly gunzTarPerm extractEntry unfold.js
364 silly gunzTarPerm extractEntry pipeline.js
365 silly gunzTarPerm extractEntry src/navcodecid.cpp
366 silly gunzTarPerm extractEntry src/navcodecid.h
367 silly gunzTarPerm extractEntry delay.js
368 silly gunzTarPerm extractEntry keys.js
369 silly gentlyRm /Users/mcotse/Documents/Dev/Web/recognize-music/node_modules/.staging/underscore-22b27e82/node_modules is being purged
370 verbose gentlyRm don't care about contents; nuking /Users/mcotse/Documents/Dev/Web/recognize-music/node_modules/.staging/underscore-22b27e82/node_modules
371 silly gunzTarPerm extractEntry src/navdictionary.cpp
372 silly gunzTarPerm extractEntry src/navdictionary.h
373 silly gunzTarPerm extractEntry node/function.js
374 silly gunzTarPerm extractEntry monitor/README.md
375 silly gunzTarPerm extractEntry src/navformat.cpp
376 silly gunzTarPerm extractEntry src/navformat.h
377 silly gunzTarPerm extractEntry monitor/aggregator.js
378 silly gunzTarPerm extractEntry monitor/array.js
379 silly gunzTarPerm extractEntry src/navframe.cpp
380 silly gunzTarPerm extractEntry src/navframe.h
381 silly gunzTarPerm extractEntry src/navaudiofifo.h
382 silly gunzTarPerm extractEntry src/navoutformat.h
383 silly gunzTarPerm extractEntry monitor/both.js
384 silly gunzTarPerm extractEntry monitor/console.js
385 silly gunzTarPerm extractEntry monitor/simpleFormatter.js
386 silly gunzTarPerm extractEntry monitor/simpleReporter.js
387 silly gentlyRm /Users/mcotse/Documents/Dev/Web/recognize-music/node_modules/.staging/printf-35f2e04e/node_modules is being purged
388 verbose gentlyRm don't care about contents; nuking /Users/mcotse/Documents/Dev/Web/recognize-music/node_modules/.staging/printf-35f2e04e/node_modules
389 silly gunzTarPerm extractEntry src/navpixformat.cpp
390 silly gunzTarPerm extractEntry src/navpixformat.h
391 silly gunzTarPerm extractEntry monitor/stackFilter.js
392 silly gunzTarPerm extractEntry monitor/throttledReporter.js
393 silly gunzTarPerm extractEntry monitor/logger/consoleGroup.js
394 silly gunzTarPerm extractEntry monitor/logger/rethrowToHost.js
395 silly gunzTarPerm extractEntry src/navresample.cpp
396 silly gunzTarPerm extractEntry src/navresample.h
397 silly gunzTarPerm extractEntry CONTRIBUTING.md
398 silly gunzTarPerm extractEntry bower.json
399 silly gunzTarPerm extractEntry src/navstream.cpp
400 silly gunzTarPerm extractEntry src/navstream.h
401 silly gunzTarPerm extractEntry src/navsws.cpp
402 silly gunzTarPerm extractEntry src/navsws.h
403 silly gunzTarPerm extractEntry unfold/list.js
404 silly gunzTarPerm extractEntry LICENSE.txt
405 silly gunzTarPerm extractEntry CHANGES.md
406 silly gunzTarPerm extractEntry src/navthumbnail.cpp
407 silly gunzTarPerm extractEntry src/navthumbnail.h
408 silly gunzTarPerm extractEntry src/navutils.h
409 silly gunzTarPerm extractEntry src/relocatemoov.cpp
410 silly gunzTarPerm extractEntry src/relocatemoov.h
411 silly gunzTarPerm extractEntry test/simple.test.js
412 silly gunzTarPerm extractEntry test/fixtures/chunk.wmv
413 silly gunzTarPerm extractEntry test/fixtures/dizzy.mp4
414 silly gentlyRm /Users/mcotse/Documents/Dev/Web/recognize-music/node_modules/.staging/when-62626229/node_modules is being purged
415 verbose gentlyRm don't care about contents; nuking /Users/mcotse/Documents/Dev/Web/recognize-music/node_modules/.staging/when-62626229/node_modules
416 silly gunzTarPerm extractEntry test/fixtures/oceans-clip.mp4
417 silly gunzTarPerm extractEntry test/fixtures/uncharted3.mp4
418 silly gunzTarPerm extractEntry test/fixtures/walk.flac
419 silly gunzTarPerm extractEntry wscript
420 silly gentlyRm /Users/mcotse/Documents/Dev/Web/recognize-music/node_modules/.staging/navcodec-e4657bb9/node_modules is being purged
421 verbose gentlyRm don't care about contents; nuking /Users/mcotse/Documents/Dev/Web/recognize-music/node_modules/.staging/navcodec-e4657bb9/node_modules
422 silly doParallel preinstall 4
423 silly preinstall printf@0.1.3 /Users/mcotse/Documents/Dev/Web/recognize-music/node_modules/.staging/printf-35f2e04e
424 info lifecycle printf@0.1.3~preinstall: printf@0.1.3
425 silly preinstall underscore@1.8.3 /Users/mcotse/Documents/Dev/Web/recognize-music/node_modules/.staging/underscore-22b27e82
426 info lifecycle underscore@1.8.3~preinstall: underscore@1.8.3
427 silly preinstall when@2.7.1 /Users/mcotse/Documents/Dev/Web/recognize-music/node_modules/.staging/when-62626229
428 info lifecycle when@2.7.1~preinstall: when@2.7.1
429 silly preinstall navcodec@0.4.2 /Users/mcotse/Documents/Dev/Web/recognize-music/node_modules/.staging/navcodec-e4657bb9
430 info lifecycle navcodec@0.4.2~preinstall: navcodec@0.4.2
431 silly lifecycle printf@0.1.3~preinstall: no script for preinstall, continuing
432 silly lifecycle underscore@1.8.3~preinstall: no script for preinstall, continuing
433 silly lifecycle when@2.7.1~preinstall: no script for preinstall, continuing
434 silly lifecycle navcodec@0.4.2~preinstall: no script for preinstall, continuing
435 silly doReverseSerial remove 0
436 silly doSerial move 0
437 silly doSerial finalize 4
438 silly finalize /Users/mcotse/Documents/Dev/Web/recognize-music/node_modules/printf
439 silly finalize /Users/mcotse/Documents/Dev/Web/recognize-music/node_modules/underscore
440 silly finalize /Users/mcotse/Documents/Dev/Web/recognize-music/node_modules/when
441 silly finalize /Users/mcotse/Documents/Dev/Web/recognize-music/node_modules/navcodec
442 silly doSerial build 4
443 silly build printf@0.1.3
444 info linkStuff printf@0.1.3
445 silly linkStuff printf@0.1.3 has /Users/mcotse/Documents/Dev/Web/recognize-music/node_modules as its parent node_modules
446 verbose linkBins printf@0.1.3
447 verbose linkMans printf@0.1.3
448 silly build underscore@1.8.3
449 info linkStuff underscore@1.8.3
450 silly linkStuff underscore@1.8.3 has /Users/mcotse/Documents/Dev/Web/recognize-music/node_modules as its parent node_modules
451 verbose linkBins underscore@1.8.3
452 verbose linkMans underscore@1.8.3
453 silly build when@2.7.1
454 info linkStuff when@2.7.1
455 silly linkStuff when@2.7.1 has /Users/mcotse/Documents/Dev/Web/recognize-music/node_modules as its parent node_modules
456 verbose linkBins when@2.7.1
457 verbose linkMans when@2.7.1
458 silly build navcodec@0.4.2
459 info linkStuff navcodec@0.4.2
460 silly linkStuff navcodec@0.4.2 has /Users/mcotse/Documents/Dev/Web/recognize-music/node_modules as its parent node_modules
461 verbose linkBins navcodec@0.4.2
462 verbose linkMans navcodec@0.4.2
463 silly doSerial global-link 0
464 silly doParallel update-linked 0
465 silly doSerial install 4
466 silly install printf@0.1.3 /Users/mcotse/Documents/Dev/Web/recognize-music/node_modules/.staging/printf-35f2e04e
467 info lifecycle printf@0.1.3~install: printf@0.1.3
468 silly lifecycle printf@0.1.3~install: no script for install, continuing
469 silly install underscore@1.8.3 /Users/mcotse/Documents/Dev/Web/recognize-music/node_modules/.staging/underscore-22b27e82
470 info lifecycle underscore@1.8.3~install: underscore@1.8.3
471 silly lifecycle underscore@1.8.3~install: no script for install, continuing
472 silly install when@2.7.1 /Users/mcotse/Documents/Dev/Web/recognize-music/node_modules/.staging/when-62626229
473 info lifecycle when@2.7.1~install: when@2.7.1
474 silly lifecycle when@2.7.1~install: no script for install, continuing
475 silly install navcodec@0.4.2 /Users/mcotse/Documents/Dev/Web/recognize-music/node_modules/.staging/navcodec-e4657bb9
476 info lifecycle navcodec@0.4.2~install: navcodec@0.4.2
477 verbose lifecycle navcodec@0.4.2~install: unsafe-perm in lifecycle true
478 verbose lifecycle navcodec@0.4.2~install: PATH: /usr/local/lib/node_modules/npm/bin/node-gyp-bin:/Users/mcotse/Documents/Dev/Web/recognize-music/node_modules/navcodec/node_modules/.bin:/Users/mcotse/Documents/Dev/Web/recognize-music/node_modules/.bin:/usr/local/bin:/Library/Frameworks/Python.framework/Versions/3.5/bin:/usr/local/bin:/usr/bin:/bin:/usr/sbin:/sbin:/usr/local/MacGPG2/bin
479 verbose lifecycle navcodec@0.4.2~install: CWD: /Users/mcotse/Documents/Dev/Web/recognize-music/node_modules/navcodec
480 silly lifecycle navcodec@0.4.2~install: Args: [ '-c', 'node-gyp rebuild' ]
481 silly lifecycle navcodec@0.4.2~install: Returned: code: 1  signal: null
482 info lifecycle navcodec@0.4.2~install: Failed to exec install script
483 verbose unlock done using /Users/mcotse/.npm/_locks/staging-17ad4048fe0fa3dc.lock for /Users/mcotse/Documents/Dev/Web/recognize-music/node_modules/.staging
484 silly rollbackFailedOptional Starting
485 silly rollbackFailedOptional Finishing
486 silly runTopLevelLifecycles Starting
487 silly runTopLevelLifecycles Finishing
488 silly install printInstalled
489 warn recognize-music@1.0.0 No repository field.
490 verbose stack Error: navcodec@0.4.2 install: `node-gyp rebuild`
490 verbose stack Exit status 1
490 verbose stack     at EventEmitter.<anonymous> (/usr/local/lib/node_modules/npm/lib/utils/lifecycle.js:239:16)
490 verbose stack     at emitTwo (events.js:106:13)
490 verbose stack     at EventEmitter.emit (events.js:191:7)
490 verbose stack     at ChildProcess.<anonymous> (/usr/local/lib/node_modules/npm/lib/utils/spawn.js:24:14)
490 verbose stack     at emitTwo (events.js:106:13)
490 verbose stack     at ChildProcess.emit (events.js:191:7)
490 verbose stack     at maybeClose (internal/child_process.js:850:16)
490 verbose stack     at Process.ChildProcess._handle.onexit (internal/child_process.js:215:5)
491 verbose pkgid navcodec@0.4.2
492 verbose cwd /Users/mcotse/Documents/Dev/Web/recognize-music
493 error Darwin 15.4.0
494 error argv "/usr/local/bin/node" "/usr/local/bin/npm" "install" "--save" "navcodec"
495 error node v6.0.0
496 error npm  v3.8.6
497 error code ELIFECYCLE
498 error navcodec@0.4.2 install: `node-gyp rebuild`
498 error Exit status 1
499 error Failed at the navcodec@0.4.2 install script 'node-gyp rebuild'.
499 error Make sure you have the latest version of node.js and npm installed.
499 error If you do, this is most likely a problem with the navcodec package,
499 error not with npm itself.
499 error Tell the author that this fails on your system:
499 error     node-gyp rebuild
499 error You can get information on how to open an issue for this project with:
499 error     npm bugs navcodec
499 error Or if that isn't available, you can get their info via:
499 error     npm owner ls navcodec
499 error There is likely additional logging output above.
500 verbose exit [ 1, true ]
